<?xml version="1.0" encoding="UTF-8"?>
<robot generator="Robot 4.1 (Python 3.8.1 on win32)" generated="20210913 18:04:50.200" rpa="false" schemaversion="2">
<suite id="s1" name="CreateCharacters" source="C:\projects\marvel-api\CreateCharacters.robot">
<test id="s1-t1" name="Deve cadastrar um personagem">
<kw name="Account And Set Headers">
<arg>mbizeli@gmail.com</arg>
<kw name="Create Dictionary" library="BuiltIn">
<var>&amp;{usuario}</var>
<arg>email=${email}</arg>
<doc>Creates and returns a dictionary based on the given ``items``.</doc>
<msg timestamp="20210913 18:04:50.495" level="INFO">&amp;{usuario} = { email=mbizeli@gmail.com }</msg>
<status status="PASS" starttime="20210913 18:04:50.495" endtime="20210913 18:04:50.495"/>
</kw>
<kw name="POST" library="RequestsLibrary">
<var>${response}</var>
<arg>http://marvel.qaninja.academy/accounts</arg>
<arg>json=${usuario}</arg>
<doc>Sends a POST request.</doc>
<msg timestamp="20210913 18:04:51.183" level="INFO">POST Request : url=http://marvel.qaninja.academy/accounts 
 path_url=/accounts 
 headers={'User-Agent': 'python-requests/2.26.0', 'Accept-Encoding': 'gzip, deflate', 'Accept': '*/*', 'Connection': 'keep-alive', 'Content-Length': '30', 'Content-Type': 'application/json'} 
 body=b'{"email": "mbizeli@gmail.com"}' 
 </msg>
<msg timestamp="20210913 18:04:51.183" level="INFO">POST Response : url=http://marvel.qaninja.academy/accounts 
 status=200, reason=OK 
 headers={'Server': 'Cowboy', 'Connection': 'keep-alive', 'X-Powered-By': 'Express', 'Access-Control-Allow-Origin': '*', 'Content-Type': 'application/json; charset=utf-8', 'Content-Length': '41', 'Etag': 'W/"29-VfS48w1nahFQfUipHVj72XBDzXw"', 'Date': 'Mon, 13 Sep 2021 21:04:51 GMT', 'Via': '1.1 vegur'} 
 body={"client_key":"613bb2e24919080016555b3c"} 
 </msg>
<msg timestamp="20210913 18:04:51.183" level="INFO">${response} = &lt;Response [200]&gt;</msg>
<status status="PASS" starttime="20210913 18:04:50.495" endtime="20210913 18:04:51.183"/>
</kw>
<kw name="Set Variable" library="BuiltIn">
<var>${client_key}</var>
<arg>${response.json()}[client_key]</arg>
<doc>Returns the given values which can then be assigned to a variables.</doc>
<msg timestamp="20210913 18:04:51.184" level="INFO">${client_key} = 613bb2e24919080016555b3c</msg>
<status status="PASS" starttime="20210913 18:04:51.183" endtime="20210913 18:04:51.184"/>
</kw>
<kw name="Create Dictionary" library="BuiltIn">
<var>&amp;{HEADERS}</var>
<arg>client_key=${client_key}</arg>
<doc>Creates and returns a dictionary based on the given ``items``.</doc>
<msg timestamp="20210913 18:04:51.185" level="INFO">&amp;{HEADERS} = { client_key=613bb2e24919080016555b3c }</msg>
<status status="PASS" starttime="20210913 18:04:51.184" endtime="20210913 18:04:51.185"/>
</kw>
<kw name="Set Suite Variable" library="BuiltIn">
<arg>${HEADERS}</arg>
<doc>Makes a variable available everywhere within the scope of the current suite.</doc>
<msg timestamp="20210913 18:04:51.185" level="INFO">${HEADERS} = {'client_key': '613bb2e24919080016555b3c'}</msg>
<status status="PASS" starttime="20210913 18:04:51.185" endtime="20210913 18:04:51.186"/>
</kw>
<status status="PASS" starttime="20210913 18:04:50.494" endtime="20210913 18:04:51.186"/>
</kw>
<kw name="Factory Thanos" library="Thanos">
<var>&amp;{personagem}</var>
<msg timestamp="20210913 18:04:51.189" level="INFO">&amp;{personagem} = { name=George Warren | aliases=Thanos | age=3000 | team=Ordem Negra | active=False }</msg>
<status status="PASS" starttime="20210913 18:04:51.188" endtime="20210913 18:04:51.189"/>
</kw>
<kw name="POST" library="RequestsLibrary">
<var>${response}</var>
<arg>http://marvel.qaninja.academy/characters</arg>
<arg>json=${personagem}</arg>
<arg>headers=${headers}</arg>
<doc>Sends a POST request.</doc>
<msg timestamp="20210913 18:04:51.519" level="INFO">POST Request : url=http://marvel.qaninja.academy/characters 
 path_url=/characters 
 headers={'User-Agent': 'python-requests/2.26.0', 'Accept-Encoding': 'gzip, deflate', 'Accept': '*/*', 'Connection': 'keep-alive', 'client_key': '613bb2e24919080016555b3c', 'Content-Length': '99', 'Content-Type': 'application/json'} 
 body=b'{"name": "George Warren", "aliases": "Thanos", "age": 3000, "team": "Ordem Negra", "active": false}' 
 </msg>
<msg timestamp="20210913 18:04:51.519" level="INFO">POST Response : url=http://marvel.qaninja.academy/characters 
 status=200, reason=OK 
 headers={'Server': 'Cowboy', 'Connection': 'keep-alive', 'X-Powered-By': 'Express', 'Access-Control-Allow-Origin': '*', 'Content-Type': 'application/json; charset=utf-8', 'Content-Length': '158', 'Etag': 'W/"9e-GjR5LTqX1r4lkdThrzg2dVLivUc"', 'Date': 'Mon, 13 Sep 2021 21:04:51 GMT', 'Via': '1.1 vegur'} 
 body={"_id":"613fbcf396b3b20016b6fe49","name":"George Warren","age":3000,"aliases":"Thanos","team":"Ordem Negra","active":false,"owner":"613bb2e24919080016555b3c"} 
 </msg>
<msg timestamp="20210913 18:04:51.520" level="INFO">${response} = &lt;Response [200]&gt;</msg>
<status status="PASS" starttime="20210913 18:04:51.189" endtime="20210913 18:04:51.520"/>
</kw>
<kw name="Status Should Be" library="RequestsLibrary">
<arg>200</arg>
<arg>${response}</arg>
<doc>Fails if response status code is different than the expected.</doc>
<status status="PASS" starttime="20210913 18:04:51.523" endtime="20210913 18:04:51.524"/>
</kw>
<status status="PASS" starttime="20210913 18:04:50.494" endtime="20210913 18:04:51.525"/>
</test>
<doc>Suite de Teste do cadastro de personagens na API da Marvel</doc>
<status status="PASS" starttime="20210913 18:04:50.202" endtime="20210913 18:04:51.530"/>
</suite>
<statistics>
<total>
<stat pass="1" fail="0" skip="0">All Tests</stat>
</total>
<tag>
</tag>
<suite>
<stat pass="1" fail="0" skip="0" id="s1" name="CreateCharacters">CreateCharacters</stat>
</suite>
</statistics>
<errors>
</errors>
</robot>
